2025-07-11T19:50:13.654Z | SINGLE | SUCCESS | generate_faq_alpha.js | 
2025-07-11T19:50:13.658Z | SINGLE | SUCCESS | generate_faq_beta.js | 
2025-07-11T19:50:13.661Z | SINGLE | SUCCESS | generate_faq_gamma.js | 
2025-07-11T19:50:13.664Z | SINGLE | SUCCESS | generate_portfolio_a.js | 
2025-07-11T19:50:13.666Z | SINGLE | SUCCESS | generate_portfolio_b.js | 
2025-07-11T19:50:13.669Z | SINGLE | SUCCESS | generate_portfolio_c.js | 
2025-07-11T19:50:13.672Z | SINGLE | SUCCESS | generate_team_alpha.js | 
2025-07-11T19:50:13.675Z | SINGLE | SUCCESS | generate_team_beta.js | 
2025-07-11T19:50:13.678Z | SINGLE | SUCCESS | generate_team_gamma.js | 
2025-07-11T19:50:13.679Z | BULK | SUCCESS | ALL_FILES | 9 files restored
2025-07-11T23:55:02.608Z | SINGLE | SUCCESS | generate_faq_alpha.js | 
2025-07-11T23:55:02.613Z | SINGLE | SUCCESS | generate_faq_beta.js | 
2025-07-11T23:55:02.618Z | SINGLE | SUCCESS | generate_faq_gamma.js | 
2025-07-11T23:55:02.623Z | SINGLE | SUCCESS | generate_portfolio_a.js | 
2025-07-11T23:55:02.626Z | SINGLE | SUCCESS | generate_portfolio_b.js | 
2025-07-11T23:55:02.631Z | SINGLE | SUCCESS | generate_portfolio_c.js | 
2025-07-11T23:55:02.636Z | SINGLE | SUCCESS | generate_team_alpha.js | 
2025-07-11T23:55:02.640Z | SINGLE | SUCCESS | generate_team_beta.js | 
2025-07-11T23:55:02.646Z | SINGLE | SUCCESS | generate_team_gamma.js | 
2025-07-11T23:55:02.648Z | BULK | SUCCESS | ALL_FILES | 9 files restored
2025-07-12T00:00:11.121Z | SINGLE | SUCCESS | generate_faq_alpha.js | 
2025-07-12T00:00:11.124Z | SINGLE | SUCCESS | generate_faq_beta.js | 
2025-07-12T00:00:11.127Z | SINGLE | SUCCESS | generate_faq_gamma.js | 
2025-07-12T00:00:11.130Z | SINGLE | SUCCESS | generate_portfolio_a.js | 
2025-07-12T00:00:11.134Z | SINGLE | SUCCESS | generate_portfolio_b.js | 
2025-07-12T00:00:11.137Z | SINGLE | SUCCESS | generate_portfolio_c.js | 
2025-07-12T00:00:11.139Z | SINGLE | SUCCESS | generate_team_alpha.js | 
2025-07-12T00:00:11.141Z | SINGLE | SUCCESS | generate_team_beta.js | 
2025-07-12T00:00:11.144Z | SINGLE | SUCCESS | generate_team_gamma.js | 
2025-07-12T00:00:11.145Z | BULK | SUCCESS | ALL_FILES | 9 files restored
2025-07-12T14:25:22.338Z | SINGLE | SUCCESS | generate_faq_alpha.js | 
2025-07-12T14:25:22.370Z | SINGLE | SUCCESS | generate_faq_beta.js | 
2025-07-12T14:25:22.373Z | SINGLE | SUCCESS | generate_faq_gamma.js | 
2025-07-12T14:25:22.377Z | SINGLE | SUCCESS | generate_portfolio_a.js | 
2025-07-12T14:25:22.381Z | SINGLE | SUCCESS | generate_portfolio_b.js | 
2025-07-12T14:25:22.386Z | SINGLE | SUCCESS | generate_portfolio_c.js | 
2025-07-12T14:25:22.393Z | SINGLE | SUCCESS | generate_team_alpha.js | 
2025-07-12T14:25:22.399Z | SINGLE | SUCCESS | generate_team_beta.js | 
2025-07-12T14:25:22.407Z | SINGLE | SUCCESS | generate_team_gamma.js | 
2025-07-12T14:25:22.410Z | BULK | SUCCESS | ALL_FILES | 9 files restored
2025-07-12T14:35:17.789Z | SINGLE | SUCCESS | generate_faq_alpha.js | 
2025-07-12T14:35:17.793Z | SINGLE | SUCCESS | generate_faq_beta.js | 
2025-07-12T14:35:17.795Z | SINGLE | SUCCESS | generate_faq_gamma.js | 
2025-07-12T14:35:17.798Z | SINGLE | SUCCESS | generate_portfolio_a.js | 
2025-07-12T14:35:17.801Z | SINGLE | SUCCESS | generate_portfolio_b.js | 
2025-07-12T14:35:17.803Z | SINGLE | SUCCESS | generate_portfolio_c.js | 
2025-07-12T14:35:17.805Z | SINGLE | SUCCESS | generate_team_alpha.js | 
2025-07-12T14:35:17.807Z | SINGLE | SUCCESS | generate_team_beta.js | 
2025-07-12T14:35:17.809Z | SINGLE | SUCCESS | generate_team_gamma.js | 
2025-07-12T14:35:17.809Z | BULK | SUCCESS | ALL_FILES | 9 files restored
2025-07-12T15:52:33.066Z | SINGLE | SUCCESS | generate_faq_alpha.js | 
2025-07-12T15:52:33.072Z | SINGLE | SUCCESS | generate_faq_beta.js | 
2025-07-12T15:52:33.074Z | SINGLE | SUCCESS | generate_faq_gamma.js | 
2025-07-12T15:52:33.078Z | SINGLE | SUCCESS | generate_portfolio_a.js | 
2025-07-12T15:52:33.082Z | SINGLE | SUCCESS | generate_portfolio_b.js | 
2025-07-12T15:52:33.086Z | SINGLE | SUCCESS | generate_portfolio_c.js | 
2025-07-12T15:52:33.088Z | SINGLE | SUCCESS | generate_team_alpha.js | 
2025-07-12T15:52:33.092Z | SINGLE | SUCCESS | generate_team_beta.js | 
2025-07-12T15:52:33.096Z | SINGLE | SUCCESS | generate_team_gamma.js | 
2025-07-12T15:52:33.097Z | BULK | SUCCESS | ALL_FILES | 9 files restored
2025-07-12T15:53:39.663Z | SINGLE | SUCCESS | generate_faq_alpha.js | 
2025-07-12T15:53:39.667Z | SINGLE | SUCCESS | generate_faq_beta.js | 
2025-07-12T15:53:39.670Z | SINGLE | SUCCESS | generate_faq_gamma.js | 
2025-07-12T15:53:39.677Z | SINGLE | SUCCESS | generate_portfolio_a.js | 
2025-07-12T15:53:39.680Z | SINGLE | SUCCESS | generate_portfolio_b.js | 
2025-07-12T15:53:39.686Z | SINGLE | SUCCESS | generate_portfolio_c.js | 
2025-07-12T15:53:39.692Z | SINGLE | SUCCESS | generate_team_alpha.js | 
2025-07-12T15:53:39.699Z | SINGLE | SUCCESS | generate_team_beta.js | 
2025-07-12T15:53:39.707Z | SINGLE | SUCCESS | generate_team_gamma.js | 
2025-07-12T15:53:39.709Z | BULK | SUCCESS | ALL_FILES | 9 files restored
2025-07-12T16:15:03.231Z | SINGLE | SUCCESS | generate_faq_alpha.js | 
2025-07-12T16:15:03.235Z | SINGLE | SUCCESS | generate_faq_beta.js | 
2025-07-12T16:15:03.238Z | SINGLE | SUCCESS | generate_faq_gamma.js | 
2025-07-12T16:15:03.241Z | SINGLE | SUCCESS | generate_portfolio_a.js | 
2025-07-12T16:15:03.244Z | SINGLE | SUCCESS | generate_portfolio_b.js | 
2025-07-12T16:15:03.248Z | SINGLE | SUCCESS | generate_portfolio_c.js | 
2025-07-12T16:15:03.251Z | SINGLE | SUCCESS | generate_team_alpha.js | 
2025-07-12T16:15:03.254Z | SINGLE | SUCCESS | generate_team_beta.js | 
2025-07-12T16:15:03.259Z | SINGLE | SUCCESS | generate_team_gamma.js | 
2025-07-12T16:15:03.260Z | BULK | SUCCESS | ALL_FILES | 9 files restored
2025-07-12T16:43:40.771Z | SINGLE | SUCCESS | generate_faq_alpha.js | 
2025-07-12T16:43:40.775Z | SINGLE | SUCCESS | generate_faq_beta.js | 
2025-07-12T16:43:40.784Z | SINGLE | SUCCESS | generate_faq_gamma.js | 
2025-07-12T16:43:40.791Z | SINGLE | SUCCESS | generate_portfolio_a.js | 
2025-07-12T16:43:40.798Z | SINGLE | SUCCESS | generate_portfolio_b.js | 
2025-07-12T16:43:40.807Z | SINGLE | SUCCESS | generate_portfolio_c.js | 
2025-07-12T16:43:40.813Z | SINGLE | SUCCESS | generate_team_alpha.js | 
2025-07-12T16:43:40.817Z | SINGLE | SUCCESS | generate_team_beta.js | 
2025-07-12T16:43:40.823Z | SINGLE | SUCCESS | generate_team_gamma.js | 
2025-07-12T16:43:40.825Z | BULK | SUCCESS | ALL_FILES | 9 files restored
2025-07-12T17:15:16.227Z | SINGLE | SUCCESS | generate_faq_alpha.js | 
2025-07-12T17:15:16.230Z | SINGLE | SUCCESS | generate_faq_beta.js | 
2025-07-12T17:15:16.234Z | SINGLE | SUCCESS | generate_faq_gamma.js | 
2025-07-12T17:15:16.237Z | SINGLE | SUCCESS | generate_portfolio_a.js | 
2025-07-12T17:15:16.239Z | SINGLE | SUCCESS | generate_portfolio_b.js | 
2025-07-12T17:15:16.243Z | SINGLE | SUCCESS | generate_portfolio_c.js | 
2025-07-12T17:15:16.247Z | SINGLE | SUCCESS | generate_team_alpha.js | 
2025-07-12T17:15:16.250Z | SINGLE | SUCCESS | generate_team_beta.js | 
2025-07-12T17:15:16.256Z | SINGLE | SUCCESS | generate_team_gamma.js | 
2025-07-12T17:15:16.258Z | BULK | SUCCESS | ALL_FILES | 9 files restored
2025-07-12T21:11:32.597Z | SINGLE | SUCCESS | generate_faq_alpha.js | 
2025-07-12T21:11:32.602Z | SINGLE | SUCCESS | generate_faq_beta.js | 
2025-07-12T21:11:32.605Z | SINGLE | SUCCESS | generate_faq_gamma.js | 
2025-07-12T21:11:32.608Z | SINGLE | SUCCESS | generate_portfolio_a.js | 
2025-07-12T21:11:32.615Z | SINGLE | SUCCESS | generate_portfolio_b.js | 
2025-07-12T21:11:32.622Z | SINGLE | SUCCESS | generate_portfolio_c.js | 
2025-07-12T21:11:32.631Z | SINGLE | SUCCESS | generate_team_alpha.js | 
2025-07-12T21:11:32.638Z | SINGLE | SUCCESS | generate_team_beta.js | 
2025-07-12T21:11:32.650Z | SINGLE | SUCCESS | generate_team_gamma.js | 
2025-07-12T21:11:32.652Z | BULK | SUCCESS | ALL_FILES | 9 files restored
2025-07-12T21:33:49.645Z | SINGLE | SUCCESS | generate_faq_alpha.js | 
2025-07-12T21:33:49.650Z | SINGLE | SUCCESS | generate_faq_beta.js | 
2025-07-12T21:33:49.654Z | SINGLE | SUCCESS | generate_faq_gamma.js | 
2025-07-12T21:33:49.657Z | SINGLE | SUCCESS | generate_portfolio_a.js | 
2025-07-12T21:33:49.661Z | SINGLE | SUCCESS | generate_portfolio_b.js | 
2025-07-12T21:33:49.664Z | SINGLE | SUCCESS | generate_portfolio_c.js | 
2025-07-12T21:33:49.667Z | SINGLE | SUCCESS | generate_team_alpha.js | 
2025-07-12T21:33:49.670Z | SINGLE | SUCCESS | generate_team_beta.js | 
2025-07-12T21:33:49.673Z | SINGLE | SUCCESS | generate_team_gamma.js | 
2025-07-12T21:33:49.674Z | BULK | SUCCESS | ALL_FILES | 9 files restored
2025-07-12T21:38:32.261Z | SINGLE | SUCCESS | generate_faq_alpha.js | 
2025-07-12T21:38:32.269Z | SINGLE | SUCCESS | generate_faq_beta.js | 
2025-07-12T21:38:32.272Z | SINGLE | SUCCESS | generate_faq_gamma.js | 
2025-07-12T21:38:32.277Z | SINGLE | SUCCESS | generate_portfolio_a.js | 
2025-07-12T21:38:32.282Z | SINGLE | SUCCESS | generate_portfolio_b.js | 
2025-07-12T21:38:32.284Z | SINGLE | SUCCESS | generate_portfolio_c.js | 
2025-07-12T21:38:32.287Z | SINGLE | SUCCESS | generate_team_alpha.js | 
2025-07-12T21:38:32.294Z | SINGLE | SUCCESS | generate_team_beta.js | 
2025-07-12T21:38:32.299Z | SINGLE | SUCCESS | generate_team_gamma.js | 
2025-07-12T21:38:32.300Z | BULK | SUCCESS | ALL_FILES | 9 files restored
2025-07-12T23:17:01.362Z | SINGLE | SUCCESS | generate_faq_alpha.js | 
2025-07-12T23:17:01.368Z | SINGLE | SUCCESS | generate_faq_beta.js | 
2025-07-12T23:17:01.372Z | SINGLE | SUCCESS | generate_faq_gamma.js | 
2025-07-12T23:17:01.376Z | SINGLE | SUCCESS | generate_portfolio_a.js | 
2025-07-12T23:17:01.378Z | SINGLE | SUCCESS | generate_portfolio_b.js | 
2025-07-12T23:17:01.382Z | SINGLE | SUCCESS | generate_portfolio_c.js | 
2025-07-12T23:17:01.385Z | SINGLE | SUCCESS | generate_team_alpha.js | 
2025-07-12T23:17:01.389Z | SINGLE | SUCCESS | generate_team_beta.js | 
2025-07-12T23:17:01.391Z | SINGLE | SUCCESS | generate_team_gamma.js | 
2025-07-12T23:17:01.392Z | BULK | SUCCESS | ALL_FILES | 9 files restored
2025-07-12T23:26:42.058Z | SINGLE | SUCCESS | generate_faq_alpha.js | 
2025-07-12T23:26:42.063Z | SINGLE | SUCCESS | generate_faq_beta.js | 
2025-07-12T23:26:42.067Z | SINGLE | SUCCESS | generate_faq_gamma.js | 
2025-07-12T23:26:42.071Z | SINGLE | SUCCESS | generate_portfolio_a.js | 
2025-07-12T23:26:42.082Z | SINGLE | SUCCESS | generate_portfolio_b.js | 
2025-07-12T23:26:42.085Z | SINGLE | SUCCESS | generate_portfolio_c.js | 
2025-07-12T23:26:42.092Z | SINGLE | SUCCESS | generate_team_alpha.js | 
2025-07-12T23:26:42.099Z | SINGLE | SUCCESS | generate_team_beta.js | 
2025-07-12T23:26:42.107Z | SINGLE | SUCCESS | generate_team_gamma.js | 
2025-07-12T23:26:42.108Z | BULK | SUCCESS | ALL_FILES | 9 files restored
2025-07-12T23:29:45.539Z | SINGLE | SUCCESS | generate_faq_alpha.js | 
2025-07-12T23:29:45.544Z | SINGLE | SUCCESS | generate_faq_beta.js | 
2025-07-12T23:29:45.549Z | SINGLE | SUCCESS | generate_faq_gamma.js | 
2025-07-12T23:29:45.553Z | SINGLE | SUCCESS | generate_portfolio_a.js | 
2025-07-12T23:29:45.557Z | SINGLE | SUCCESS | generate_portfolio_b.js | 
2025-07-12T23:29:45.565Z | SINGLE | SUCCESS | generate_portfolio_c.js | 
2025-07-12T23:29:45.571Z | SINGLE | SUCCESS | generate_team_alpha.js | 
2025-07-12T23:29:45.585Z | SINGLE | SUCCESS | generate_team_beta.js | 
2025-07-12T23:29:45.592Z | SINGLE | SUCCESS | generate_team_gamma.js | 
2025-07-12T23:29:45.593Z | BULK | SUCCESS | ALL_FILES | 9 files restored
2025-07-12T23:32:42.550Z | SINGLE | SUCCESS | generate_faq_alpha.js | 
2025-07-12T23:32:42.556Z | SINGLE | SUCCESS | generate_faq_beta.js | 
2025-07-12T23:32:42.561Z | SINGLE | SUCCESS | generate_faq_gamma.js | 
2025-07-12T23:32:42.564Z | SINGLE | SUCCESS | generate_portfolio_a.js | 
2025-07-12T23:32:42.570Z | SINGLE | SUCCESS | generate_portfolio_b.js | 
2025-07-12T23:32:42.586Z | SINGLE | SUCCESS | generate_portfolio_c.js | 
2025-07-12T23:32:42.603Z | SINGLE | SUCCESS | generate_team_alpha.js | 
2025-07-12T23:32:42.612Z | SINGLE | SUCCESS | generate_team_beta.js | 
2025-07-12T23:32:42.618Z | SINGLE | SUCCESS | generate_team_gamma.js | 
2025-07-12T23:32:42.621Z | BULK | SUCCESS | ALL_FILES | 9 files restored
2025-07-12T23:35:22.322Z | SINGLE | SUCCESS | generate_faq_alpha.js | 
2025-07-12T23:35:22.327Z | SINGLE | SUCCESS | generate_faq_beta.js | 
2025-07-12T23:35:22.329Z | SINGLE | SUCCESS | generate_faq_gamma.js | 
2025-07-12T23:35:22.333Z | SINGLE | SUCCESS | generate_portfolio_a.js | 
2025-07-12T23:35:22.336Z | SINGLE | SUCCESS | generate_portfolio_b.js | 
2025-07-12T23:35:22.338Z | SINGLE | SUCCESS | generate_portfolio_c.js | 
2025-07-12T23:35:22.340Z | SINGLE | SUCCESS | generate_team_alpha.js | 
2025-07-12T23:35:22.342Z | SINGLE | SUCCESS | generate_team_beta.js | 
2025-07-12T23:35:22.345Z | SINGLE | SUCCESS | generate_team_gamma.js | 
2025-07-12T23:35:22.346Z | BULK | SUCCESS | ALL_FILES | 9 files restored
2025-07-12T23:40:55.660Z | SINGLE | SUCCESS | generate_faq_alpha.js | 
2025-07-12T23:40:55.664Z | SINGLE | SUCCESS | generate_faq_beta.js | 
2025-07-12T23:40:55.667Z | SINGLE | SUCCESS | generate_faq_gamma.js | 
2025-07-12T23:40:55.671Z | SINGLE | SUCCESS | generate_portfolio_a.js | 
2025-07-12T23:40:55.675Z | SINGLE | SUCCESS | generate_portfolio_b.js | 
2025-07-12T23:40:55.681Z | SINGLE | SUCCESS | generate_portfolio_c.js | 
2025-07-12T23:40:55.690Z | SINGLE | SUCCESS | generate_team_alpha.js | 
2025-07-12T23:40:55.705Z | SINGLE | SUCCESS | generate_team_beta.js | 
2025-07-12T23:40:55.716Z | SINGLE | SUCCESS | generate_team_gamma.js | 
2025-07-12T23:40:55.719Z | BULK | SUCCESS | ALL_FILES | 9 files restored
2025-07-12T23:47:32.652Z | SINGLE | SUCCESS | generate_faq_alpha.js | 
2025-07-12T23:47:32.657Z | SINGLE | SUCCESS | generate_faq_beta.js | 
2025-07-12T23:47:32.661Z | SINGLE | SUCCESS | generate_faq_gamma.js | 
2025-07-12T23:47:32.664Z | SINGLE | SUCCESS | generate_portfolio_a.js | 
2025-07-12T23:47:32.668Z | SINGLE | SUCCESS | generate_portfolio_b.js | 
2025-07-12T23:47:32.672Z | SINGLE | SUCCESS | generate_portfolio_c.js | 
2025-07-12T23:47:32.675Z | SINGLE | SUCCESS | generate_team_alpha.js | 
2025-07-12T23:47:32.678Z | SINGLE | SUCCESS | generate_team_beta.js | 
2025-07-12T23:47:32.683Z | SINGLE | SUCCESS | generate_team_gamma.js | 
2025-07-12T23:47:32.684Z | BULK | SUCCESS | ALL_FILES | 9 files restored
2025-07-12T23:58:54.083Z | SINGLE | SUCCESS | generate_faq_alpha.js | 
2025-07-12T23:58:54.099Z | SINGLE | SUCCESS | generate_faq_beta.js | 
2025-07-12T23:58:54.103Z | SINGLE | SUCCESS | generate_faq_gamma.js | 
2025-07-12T23:58:54.106Z | SINGLE | SUCCESS | generate_portfolio_a.js | 
2025-07-12T23:58:54.108Z | SINGLE | SUCCESS | generate_portfolio_b.js | 
2025-07-12T23:58:54.111Z | SINGLE | SUCCESS | generate_portfolio_c.js | 
2025-07-12T23:58:54.113Z | SINGLE | SUCCESS | generate_team_alpha.js | 
2025-07-12T23:58:54.116Z | SINGLE | SUCCESS | generate_team_beta.js | 
2025-07-12T23:58:54.121Z | SINGLE | SUCCESS | generate_team_gamma.js | 
2025-07-12T23:58:54.124Z | BULK | SUCCESS | ALL_FILES | 9 files restored
2025-07-13T00:11:01.302Z | SINGLE | SUCCESS | generate_faq_alpha.js | 
2025-07-13T00:11:01.307Z | SINGLE | SUCCESS | generate_faq_beta.js | 
2025-07-13T00:11:01.310Z | SINGLE | SUCCESS | generate_faq_gamma.js | 
2025-07-13T00:11:01.313Z | SINGLE | SUCCESS | generate_portfolio_a.js | 
2025-07-13T00:11:01.317Z | SINGLE | SUCCESS | generate_portfolio_b.js | 
2025-07-13T00:11:01.320Z | SINGLE | SUCCESS | generate_portfolio_c.js | 
2025-07-13T00:11:01.326Z | SINGLE | SUCCESS | generate_team_alpha.js | 
2025-07-13T00:11:01.338Z | SINGLE | SUCCESS | generate_team_beta.js | 
2025-07-13T00:11:01.344Z | SINGLE | SUCCESS | generate_team_gamma.js | 
2025-07-13T00:11:01.346Z | BULK | SUCCESS | ALL_FILES | 9 files restored
2025-07-13T00:18:57.765Z | SINGLE | SUCCESS | generate_faq_alpha.js | 
2025-07-13T00:18:57.772Z | SINGLE | SUCCESS | generate_faq_beta.js | 
2025-07-13T00:18:57.777Z | SINGLE | SUCCESS | generate_faq_gamma.js | 
2025-07-13T00:18:57.781Z | SINGLE | SUCCESS | generate_portfolio_a.js | 
2025-07-13T00:18:57.783Z | SINGLE | SUCCESS | generate_portfolio_b.js | 
2025-07-13T00:18:57.787Z | SINGLE | SUCCESS | generate_portfolio_c.js | 
2025-07-13T00:18:57.796Z | SINGLE | SUCCESS | generate_team_alpha.js | 
2025-07-13T00:18:57.799Z | SINGLE | SUCCESS | generate_team_beta.js | 
2025-07-13T00:18:57.802Z | SINGLE | SUCCESS | generate_team_gamma.js | 
2025-07-13T00:18:57.803Z | BULK | SUCCESS | ALL_FILES | 9 files restored
2025-07-13T00:26:20.423Z | SINGLE | SUCCESS | generate_faq_alpha.js | 
2025-07-13T00:26:20.427Z | SINGLE | SUCCESS | generate_faq_beta.js | 
2025-07-13T00:26:20.431Z | SINGLE | SUCCESS | generate_faq_gamma.js | 
2025-07-13T00:26:20.433Z | SINGLE | SUCCESS | generate_portfolio_a.js | 
2025-07-13T00:26:20.437Z | SINGLE | SUCCESS | generate_portfolio_b.js | 
2025-07-13T00:26:20.440Z | SINGLE | SUCCESS | generate_portfolio_c.js | 
2025-07-13T00:26:20.443Z | SINGLE | SUCCESS | generate_team_alpha.js | 
2025-07-13T00:26:20.447Z | SINGLE | SUCCESS | generate_team_beta.js | 
2025-07-13T00:26:20.452Z | SINGLE | SUCCESS | generate_team_gamma.js | 
2025-07-13T00:26:20.454Z | BULK | SUCCESS | ALL_FILES | 9 files restored
2025-07-13T00:31:19.202Z | SINGLE | SUCCESS | generate_faq_alpha.js | 
2025-07-13T00:31:19.207Z | SINGLE | SUCCESS | generate_faq_beta.js | 
2025-07-13T00:31:19.211Z | SINGLE | SUCCESS | generate_faq_gamma.js | 
2025-07-13T00:31:19.214Z | SINGLE | SUCCESS | generate_portfolio_a.js | 
2025-07-13T00:31:19.216Z | SINGLE | SUCCESS | generate_portfolio_b.js | 
2025-07-13T00:31:19.220Z | SINGLE | SUCCESS | generate_portfolio_c.js | 
2025-07-13T00:31:19.223Z | SINGLE | SUCCESS | generate_team_alpha.js | 
2025-07-13T00:31:19.227Z | SINGLE | SUCCESS | generate_team_beta.js | 
2025-07-13T00:31:19.229Z | SINGLE | SUCCESS | generate_team_gamma.js | 
2025-07-13T00:31:19.230Z | BULK | SUCCESS | ALL_FILES | 9 files restored
2025-07-13T00:35:59.140Z | SINGLE | SUCCESS | generate_faq_alpha.js | 
2025-07-13T00:35:59.146Z | SINGLE | SUCCESS | generate_faq_beta.js | 
2025-07-13T00:35:59.149Z | SINGLE | SUCCESS | generate_faq_gamma.js | 
2025-07-13T00:35:59.153Z | SINGLE | SUCCESS | generate_portfolio_a.js | 
2025-07-13T00:35:59.156Z | SINGLE | SUCCESS | generate_portfolio_b.js | 
2025-07-13T00:35:59.159Z | SINGLE | SUCCESS | generate_portfolio_c.js | 
2025-07-13T00:35:59.166Z | SINGLE | SUCCESS | generate_team_alpha.js | 
2025-07-13T00:35:59.179Z | SINGLE | SUCCESS | generate_team_beta.js | 
2025-07-13T00:35:59.191Z | SINGLE | SUCCESS | generate_team_gamma.js | 
2025-07-13T00:35:59.194Z | BULK | SUCCESS | ALL_FILES | 9 files restored
2025-07-13T00:48:30.804Z | SINGLE | SUCCESS | generate_faq_alpha.js | 
2025-07-13T00:48:30.808Z | SINGLE | SUCCESS | generate_faq_beta.js | 
2025-07-13T00:48:30.811Z | SINGLE | SUCCESS | generate_faq_gamma.js | 
2025-07-13T00:48:30.814Z | SINGLE | SUCCESS | generate_portfolio_a.js | 
2025-07-13T00:48:30.817Z | SINGLE | SUCCESS | generate_portfolio_b.js | 
2025-07-13T00:48:30.820Z | SINGLE | SUCCESS | generate_portfolio_c.js | 
2025-07-13T00:48:30.822Z | SINGLE | SUCCESS | generate_team_alpha.js | 
2025-07-13T00:48:30.825Z | SINGLE | SUCCESS | generate_team_beta.js | 
2025-07-13T00:48:30.828Z | SINGLE | SUCCESS | generate_team_gamma.js | 
2025-07-13T00:48:30.829Z | BULK | SUCCESS | ALL_FILES | 9 files restored
2025-07-13T00:56:50.740Z | SINGLE | SUCCESS | generate_faq_alpha.js | 
2025-07-13T00:56:50.744Z | SINGLE | SUCCESS | generate_faq_beta.js | 
2025-07-13T00:56:50.748Z | SINGLE | SUCCESS | generate_faq_gamma.js | 
2025-07-13T00:56:50.750Z | SINGLE | SUCCESS | generate_portfolio_a.js | 
2025-07-13T00:56:50.754Z | SINGLE | SUCCESS | generate_portfolio_b.js | 
2025-07-13T00:56:50.758Z | SINGLE | SUCCESS | generate_portfolio_c.js | 
2025-07-13T00:56:50.763Z | SINGLE | SUCCESS | generate_team_alpha.js | 
2025-07-13T00:56:50.770Z | SINGLE | SUCCESS | generate_team_beta.js | 
2025-07-13T00:56:50.776Z | SINGLE | SUCCESS | generate_team_gamma.js | 
2025-07-13T00:56:50.778Z | BULK | SUCCESS | ALL_FILES | 9 files restored
2025-07-13T00:59:53.878Z | SINGLE | SUCCESS | generate_faq_alpha.js | 
2025-07-13T00:59:53.883Z | SINGLE | SUCCESS | generate_faq_beta.js | 
2025-07-13T00:59:53.886Z | SINGLE | SUCCESS | generate_faq_gamma.js | 
2025-07-13T00:59:53.890Z | SINGLE | SUCCESS | generate_portfolio_a.js | 
2025-07-13T00:59:53.893Z | SINGLE | SUCCESS | generate_portfolio_b.js | 
2025-07-13T00:59:53.904Z | SINGLE | SUCCESS | generate_portfolio_c.js | 
2025-07-13T00:59:53.909Z | SINGLE | SUCCESS | generate_team_alpha.js | 
2025-07-13T00:59:53.911Z | SINGLE | SUCCESS | generate_team_beta.js | 
2025-07-13T00:59:53.921Z | SINGLE | SUCCESS | generate_team_gamma.js | 
2025-07-13T00:59:53.923Z | BULK | SUCCESS | ALL_FILES | 9 files restored
2025-07-13T01:03:22.422Z | SINGLE | SUCCESS | generate_faq_alpha.js | 
2025-07-13T01:03:22.426Z | SINGLE | SUCCESS | generate_faq_beta.js | 
2025-07-13T01:03:22.430Z | SINGLE | SUCCESS | generate_faq_gamma.js | 
2025-07-13T01:03:22.439Z | SINGLE | SUCCESS | generate_portfolio_a.js | 
2025-07-13T01:03:22.443Z | SINGLE | SUCCESS | generate_portfolio_b.js | 
2025-07-13T01:03:22.446Z | SINGLE | SUCCESS | generate_portfolio_c.js | 
2025-07-13T01:03:22.449Z | SINGLE | SUCCESS | generate_team_alpha.js | 
2025-07-13T01:03:22.453Z | SINGLE | SUCCESS | generate_team_beta.js | 
2025-07-13T01:03:22.456Z | SINGLE | SUCCESS | generate_team_gamma.js | 
2025-07-13T01:03:22.458Z | BULK | SUCCESS | ALL_FILES | 9 files restored
2025-07-13T01:24:23.822Z | SINGLE | SUCCESS | generate_faq_alpha.js | 
2025-07-13T01:24:23.834Z | SINGLE | SUCCESS | generate_faq_beta.js | 
2025-07-13T01:24:23.837Z | SINGLE | SUCCESS | generate_faq_div_zer.js | 
2025-07-13T01:24:23.839Z | SINGLE | SUCCESS | generate_faq_gamma.js | 
2025-07-13T01:24:23.843Z | SINGLE | SUCCESS | generate_portfolio_a.js | 
2025-07-13T01:24:23.852Z | SINGLE | SUCCESS | generate_portfolio_b.js | 
2025-07-13T01:24:23.867Z | SINGLE | SUCCESS | generate_portfolio_c.js | 
2025-07-13T01:24:23.874Z | SINGLE | SUCCESS | generate_team_alpha.js | 
2025-07-13T01:24:23.884Z | SINGLE | SUCCESS | generate_team_beta.js | 
2025-07-13T01:24:23.896Z | SINGLE | SUCCESS | generate_team_gamma.js | 
2025-07-13T01:24:23.898Z | BULK | SUCCESS | ALL_FILES | 10 files restored
2025-07-13T01:27:52.788Z | SINGLE | SUCCESS | generate_faq_alpha.js | 
2025-07-13T01:27:52.791Z | SINGLE | SUCCESS | generate_faq_beta.js | 
2025-07-13T01:27:52.794Z | SINGLE | SUCCESS | generate_faq_div_zer.js | 
2025-07-13T01:27:52.798Z | SINGLE | SUCCESS | generate_faq_gamma.js | 
2025-07-13T01:27:52.801Z | SINGLE | SUCCESS | generate_portfolio_a.js | 
2025-07-13T01:27:52.803Z | SINGLE | SUCCESS | generate_portfolio_b.js | 
2025-07-13T01:27:52.806Z | SINGLE | SUCCESS | generate_portfolio_c.js | 
2025-07-13T01:27:52.809Z | SINGLE | SUCCESS | generate_team_alpha.js | 
2025-07-13T01:27:52.811Z | SINGLE | SUCCESS | generate_team_beta.js | 
2025-07-13T01:27:52.814Z | SINGLE | SUCCESS | generate_team_gamma.js | 
2025-07-13T01:27:52.815Z | BULK | SUCCESS | ALL_FILES | 10 files restored
2025-07-13T01:30:45.516Z | SINGLE | SUCCESS | generate_faq_alpha.js | 
2025-07-13T01:30:45.519Z | SINGLE | SUCCESS | generate_faq_beta.js | 
2025-07-13T01:30:45.522Z | SINGLE | SUCCESS | generate_faq_div_zer.js | 
2025-07-13T01:30:45.525Z | SINGLE | SUCCESS | generate_faq_gamma.js | 
2025-07-13T01:30:45.528Z | SINGLE | SUCCESS | generate_portfolio_a.js | 
2025-07-13T01:30:45.532Z | SINGLE | SUCCESS | generate_portfolio_b.js | 
2025-07-13T01:30:45.535Z | SINGLE | SUCCESS | generate_portfolio_c.js | 
2025-07-13T01:30:45.537Z | SINGLE | SUCCESS | generate_team_alpha.js | 
2025-07-13T01:30:45.539Z | SINGLE | SUCCESS | generate_team_beta.js | 
2025-07-13T01:30:45.542Z | SINGLE | SUCCESS | generate_team_gamma.js | 
2025-07-13T01:30:45.542Z | BULK | SUCCESS | ALL_FILES | 10 files restored
2025-07-13T02:11:22.257Z | SINGLE | SUCCESS | generate_faq_alpha.js | 
2025-07-13T02:11:22.262Z | SINGLE | SUCCESS | generate_faq_beta.js | 
2025-07-13T02:11:22.265Z | SINGLE | SUCCESS | generate_faq_gamma.js | 
2025-07-13T02:11:22.269Z | SINGLE | SUCCESS | generate_portfolio_a.js | 
2025-07-13T02:11:22.272Z | SINGLE | SUCCESS | generate_portfolio_b.js | 
2025-07-13T02:11:22.274Z | SINGLE | SUCCESS | generate_portfolio_c.js | 
2025-07-13T02:11:22.278Z | SINGLE | SUCCESS | generate_team_alpha.js | 
2025-07-13T02:11:22.281Z | SINGLE | SUCCESS | generate_team_beta.js | 
2025-07-13T02:11:22.286Z | SINGLE | SUCCESS | generate_team_gamma.js | 
2025-07-13T02:11:22.289Z | BULK | SUCCESS | ALL_FILES | 9 files restored
2025-07-13T02:14:33.112Z | SINGLE | SUCCESS | generate_faq_alpha.js | 
2025-07-13T02:14:33.116Z | SINGLE | SUCCESS | generate_faq_beta.js | 
2025-07-13T02:14:33.119Z | SINGLE | SUCCESS | generate_faq_gamma.js | 
2025-07-13T02:14:33.122Z | SINGLE | SUCCESS | generate_portfolio_a.js | 
2025-07-13T02:14:33.125Z | SINGLE | SUCCESS | generate_portfolio_b.js | 
2025-07-13T02:14:33.129Z | SINGLE | SUCCESS | generate_portfolio_c.js | 
2025-07-13T02:14:33.133Z | SINGLE | SUCCESS | generate_team_alpha.js | 
2025-07-13T02:14:33.136Z | SINGLE | SUCCESS | generate_team_beta.js | 
2025-07-13T02:14:33.141Z | SINGLE | SUCCESS | generate_team_gamma.js | 
2025-07-13T02:14:33.142Z | BULK | SUCCESS | ALL_FILES | 9 files restored
2025-07-13T02:17:35.093Z | SINGLE | SUCCESS | generate_faq_alpha.js | 
2025-07-13T02:17:35.098Z | SINGLE | SUCCESS | generate_faq_beta.js | 
2025-07-13T02:17:35.101Z | SINGLE | SUCCESS | generate_faq_gamma.js | 
2025-07-13T02:17:35.104Z | SINGLE | SUCCESS | generate_portfolio_a.js | 
2025-07-13T02:17:35.107Z | SINGLE | SUCCESS | generate_portfolio_b.js | 
2025-07-13T02:17:35.109Z | SINGLE | SUCCESS | generate_portfolio_c.js | 
2025-07-13T02:17:35.112Z | SINGLE | SUCCESS | generate_team_alpha.js | 
2025-07-13T02:17:35.115Z | SINGLE | SUCCESS | generate_team_beta.js | 
2025-07-13T02:17:35.119Z | SINGLE | SUCCESS | generate_team_gamma.js | 
2025-07-13T02:17:35.120Z | BULK | SUCCESS | ALL_FILES | 9 files restored
2025-07-13T02:20:40.022Z | SINGLE | SUCCESS | generate_faq_alpha.js | 
2025-07-13T02:20:40.025Z | SINGLE | SUCCESS | generate_faq_beta.js | 
2025-07-13T02:20:40.028Z | SINGLE | SUCCESS | generate_faq_gamma.js | 
2025-07-13T02:20:40.030Z | SINGLE | SUCCESS | generate_portfolio_a.js | 
2025-07-13T02:20:40.032Z | SINGLE | SUCCESS | generate_portfolio_b.js | 
2025-07-13T02:20:40.034Z | SINGLE | SUCCESS | generate_portfolio_c.js | 
2025-07-13T02:20:40.037Z | SINGLE | SUCCESS | generate_team_alpha.js | 
2025-07-13T02:20:40.042Z | SINGLE | SUCCESS | generate_team_beta.js | 
2025-07-13T02:20:40.045Z | SINGLE | SUCCESS | generate_team_gamma.js | 
2025-07-13T02:20:40.046Z | BULK | SUCCESS | ALL_FILES | 9 files restored
2025-07-13T02:23:43.055Z | SINGLE | SUCCESS | generate_faq_alpha.js | 
2025-07-13T02:23:43.059Z | SINGLE | SUCCESS | generate_faq_beta.js | 
2025-07-13T02:23:43.062Z | SINGLE | SUCCESS | generate_faq_gamma.js | 
2025-07-13T02:23:43.065Z | SINGLE | SUCCESS | generate_portfolio_a.js | 
2025-07-13T02:23:43.074Z | SINGLE | SUCCESS | generate_portfolio_b.js | 
2025-07-13T02:23:43.077Z | SINGLE | SUCCESS | generate_portfolio_c.js | 
2025-07-13T02:23:43.080Z | SINGLE | SUCCESS | generate_team_alpha.js | 
2025-07-13T02:23:43.082Z | SINGLE | SUCCESS | generate_team_beta.js | 
2025-07-13T02:23:43.085Z | SINGLE | SUCCESS | generate_team_gamma.js | 
2025-07-13T02:23:43.086Z | BULK | SUCCESS | ALL_FILES | 9 files restored
2025-07-13T02:26:34.988Z | SINGLE | SUCCESS | generate_faq_alpha.js | 
2025-07-13T02:26:34.993Z | SINGLE | SUCCESS | generate_faq_beta.js | 
2025-07-13T02:26:34.996Z | SINGLE | SUCCESS | generate_faq_gamma.js | 
2025-07-13T02:26:34.999Z | SINGLE | SUCCESS | generate_portfolio_a.js | 
2025-07-13T02:26:35.002Z | SINGLE | SUCCESS | generate_portfolio_b.js | 
2025-07-13T02:26:35.011Z | SINGLE | SUCCESS | generate_portfolio_c.js | 
2025-07-13T02:26:35.031Z | SINGLE | SUCCESS | generate_team_alpha.js | 
2025-07-13T02:26:35.038Z | SINGLE | SUCCESS | generate_team_beta.js | 
2025-07-13T02:26:35.047Z | SINGLE | SUCCESS | generate_team_gamma.js | 
2025-07-13T02:26:35.049Z | BULK | SUCCESS | ALL_FILES | 9 files restored
2025-07-13T02:31:06.079Z | SINGLE | SUCCESS | generate_faq_alpha.js | 
2025-07-13T02:31:06.082Z | SINGLE | SUCCESS | generate_faq_beta.js | 
2025-07-13T02:31:06.084Z | SINGLE | SUCCESS | generate_faq_gamma.js | 
2025-07-13T02:31:06.087Z | SINGLE | SUCCESS | generate_portfolio_a.js | 
2025-07-13T02:31:06.089Z | SINGLE | SUCCESS | generate_portfolio_b.js | 
2025-07-13T02:31:06.091Z | SINGLE | SUCCESS | generate_portfolio_c.js | 
2025-07-13T02:31:06.093Z | SINGLE | SUCCESS | generate_team_alpha.js | 
2025-07-13T02:31:06.095Z | SINGLE | SUCCESS | generate_team_beta.js | 
2025-07-13T02:31:06.097Z | SINGLE | SUCCESS | generate_team_gamma.js | 
2025-07-13T02:31:06.099Z | BULK | SUCCESS | ALL_FILES | 9 files restored
2025-07-26T23:08:51.127Z | SINGLE | SUCCESS | generate_portfolio_a.js | 
